<html>
<head>
<title>TestNG:  Test</title>
<link href="../testng.css" rel="stylesheet" type="text/css" />
<link href="../my-testng.css" rel="stylesheet" type="text/css" />

<style type="text/css">
.log { display: none;} 
.stack-trace { display: none;} 
</style>
<script type="text/javascript">
<!--
function flip(e) {
  current = e.style.display;
  if (current == 'block') {
    e.style.display = 'none';
    return 0;
  }
  else {
    e.style.display = 'block';
    return 1;
  }
}

function toggleBox(szDivId, elem, msg1, msg2)
{
  var res = -1;  if (document.getElementById) {
    res = flip(document.getElementById(szDivId));
  }
  else if (document.all) {
    // this is the way old msie versions work
    res = flip(document.all[szDivId]);
  }
  if(elem) {
    if(res == 0) elem.innerHTML = msg1; else elem.innerHTML = msg2;
  }

}

function toggleAllBoxes() {
  if (document.getElementsByTagName) {
    d = document.getElementsByTagName('div');
    for (i = 0; i < d.length; i++) {
      if (d[i].className == 'log') {
        flip(d[i]);
      }
    }
  }
}

// -->
</script>

</head>
<body>
<h2 align='center'>Test</h2><table border='1' align="center">
<tr>
<td>Tests passed/Failed/Skipped:</td><td>20/2/0</td>
</tr><tr>
<td>Started on:</td><td>Mon Jan 09 16:57:56 IST 2023</td>
</tr>
<tr><td>Total time:</td><td>82 seconds (82318 ms)</td>
</tr><tr>
<td>Included groups:</td><td></td>
</tr><tr>
<td>Excluded groups:</td><td></td>
</tr>
</table><p/>
<small><i>(Hover the method name to see the test class name)</i></small><p/>
<table width='100%' border='1' class='invocation-failed'>
<tr><td colspan='4' align='center'><b>FAILED TESTS</b></td></tr>
<tr><td><b>Test method</b></td>
<td width="30%"><b>Exception</b></td>
<td width="10%"><b>Time (seconds)</b></td>
<td><b>Instance</b></td>
</tr>
<tr>
<td title='com.flipkart.testcases.giftCardTest.buyFlipkartGiftCardTest()'><b>buyFlipkartGiftCardTest</b><br>Test class: com.flipkart.testcases.giftCardTest</td>
<td><div><pre>java.lang.AssertionError: expected [true] but found [true]
	at com.flipkart.testcases.giftCardTest.buyFlipkartGiftCardTest(giftCardTest.java:54)
	at java.base/java.util.ArrayList.forEach(ArrayList.java:1540)
... Removed 32 stack frames</pre></div><a href='#' onClick='toggleBox("stack-trace1167068004", this, "Click to show all stack frames", "Click to hide stack frames")'>Click to show all stack frames</a>
<div class='stack-trace' id='stack-trace1167068004'><pre>java.lang.AssertionError: expected [true] but found [true]
	at org.testng.Assert.fail(Assert.java:110)
	at org.testng.Assert.failNotEquals(Assert.java:1413)
	at org.testng.Assert.assertEqualsImpl(Assert.java:149)
	at org.testng.Assert.assertEquals(Assert.java:131)
	at org.testng.Assert.assertEquals(Assert.java:643)
	at com.flipkart.testcases.giftCardTest.buyFlipkartGiftCardTest(giftCardTest.java:54)
	at java.base/jdk.internal.reflect.NativeMethodAccessorImpl.invoke0(Native Method)
	at java.base/jdk.internal.reflect.NativeMethodAccessorImpl.invoke(NativeMethodAccessorImpl.java:62)
	at java.base/jdk.internal.reflect.DelegatingMethodAccessorImpl.invoke(DelegatingMethodAccessorImpl.java:43)
	at java.base/java.lang.reflect.Method.invoke(Method.java:566)
	at org.testng.internal.invokers.MethodInvocationHelper.invokeMethod(MethodInvocationHelper.java:135)
	at org.testng.internal.invokers.TestInvoker.invokeMethod(TestInvoker.java:673)
	at org.testng.internal.invokers.TestInvoker.invokeTestMethod(TestInvoker.java:220)
	at org.testng.internal.invokers.MethodRunner.runInSequence(MethodRunner.java:50)
	at org.testng.internal.invokers.TestInvoker$MethodInvocationAgent.invoke(TestInvoker.java:945)
	at org.testng.internal.invokers.TestInvoker.invokeTestMethods(TestInvoker.java:193)
	at org.testng.internal.invokers.TestMethodWorker.invokeTestMethods(TestMethodWorker.java:146)
	at org.testng.internal.invokers.TestMethodWorker.run(TestMethodWorker.java:128)
	at java.base/java.util.ArrayList.forEach(ArrayList.java:1540)
	at org.testng.TestRunner.privateRun(TestRunner.java:808)
	at org.testng.TestRunner.run(TestRunner.java:603)
	at org.testng.SuiteRunner.runTest(SuiteRunner.java:429)
	at org.testng.SuiteRunner.runSequentially(SuiteRunner.java:423)
	at org.testng.SuiteRunner.privateRun(SuiteRunner.java:383)
	at org.testng.SuiteRunner.run(SuiteRunner.java:326)
	at org.testng.SuiteRunnerWorker.runSuite(SuiteRunnerWorker.java:52)
	at org.testng.SuiteRunnerWorker.run(SuiteRunnerWorker.java:95)
	at org.testng.TestNG.runSuitesSequentially(TestNG.java:1249)
	at org.testng.TestNG.runSuitesLocally(TestNG.java:1169)
	at org.testng.TestNG.runSuites(TestNG.java:1092)
	at org.testng.TestNG.run(TestNG.java:1060)
	at org.testng.remote.AbstractRemoteTestNG.run(AbstractRemoteTestNG.java:115)
	at org.testng.remote.RemoteTestNG.initAndRun(RemoteTestNG.java:251)
	at org.testng.remote.RemoteTestNG.main(RemoteTestNG.java:77)
</pre></div></td>
<td>2</td>
<td>com.flipkart.testcases.giftCardTest@740cae06</td></tr>
<tr>
<td title='com.flipkart.testcases.productSearchTest.productSearch()'><b>productSearch</b><br>Test class: com.flipkart.testcases.productSearchTest</td>
<td><div><pre>java.lang.AssertionError: expected [] but found [realme 9 Pro 5G (Sunrise Blue, 128 GB)]
	at com.flipkart.testcases.productSearchTest.productSearch(productSearchTest.java:35)
	at java.base/java.util.ArrayList.forEach(ArrayList.java:1540)
... Removed 33 stack frames</pre></div><a href='#' onClick='toggleBox("stack-trace1713847712", this, "Click to show all stack frames", "Click to hide stack frames")'>Click to show all stack frames</a>
<div class='stack-trace' id='stack-trace1713847712'><pre>java.lang.AssertionError: expected [] but found [realme 9 Pro 5G (Sunrise Blue, 128 GB)]
	at org.testng.Assert.fail(Assert.java:110)
	at org.testng.Assert.failNotEquals(Assert.java:1413)
	at org.testng.Assert.assertEqualsImpl(Assert.java:149)
	at org.testng.Assert.assertEquals(Assert.java:131)
	at org.testng.Assert.assertEquals(Assert.java:655)
	at org.testng.Assert.assertEquals(Assert.java:665)
	at com.flipkart.testcases.productSearchTest.productSearch(productSearchTest.java:35)
	at java.base/jdk.internal.reflect.NativeMethodAccessorImpl.invoke0(Native Method)
	at java.base/jdk.internal.reflect.NativeMethodAccessorImpl.invoke(NativeMethodAccessorImpl.java:62)
	at java.base/jdk.internal.reflect.DelegatingMethodAccessorImpl.invoke(DelegatingMethodAccessorImpl.java:43)
	at java.base/java.lang.reflect.Method.invoke(Method.java:566)
	at org.testng.internal.invokers.MethodInvocationHelper.invokeMethod(MethodInvocationHelper.java:135)
	at org.testng.internal.invokers.TestInvoker.invokeMethod(TestInvoker.java:673)
	at org.testng.internal.invokers.TestInvoker.invokeTestMethod(TestInvoker.java:220)
	at org.testng.internal.invokers.MethodRunner.runInSequence(MethodRunner.java:50)
	at org.testng.internal.invokers.TestInvoker$MethodInvocationAgent.invoke(TestInvoker.java:945)
	at org.testng.internal.invokers.TestInvoker.invokeTestMethods(TestInvoker.java:193)
	at org.testng.internal.invokers.TestMethodWorker.invokeTestMethods(TestMethodWorker.java:146)
	at org.testng.internal.invokers.TestMethodWorker.run(TestMethodWorker.java:128)
	at java.base/java.util.ArrayList.forEach(ArrayList.java:1540)
	at org.testng.TestRunner.privateRun(TestRunner.java:808)
	at org.testng.TestRunner.run(TestRunner.java:603)
	at org.testng.SuiteRunner.runTest(SuiteRunner.java:429)
	at org.testng.SuiteRunner.runSequentially(SuiteRunner.java:423)
	at org.testng.SuiteRunner.privateRun(SuiteRunner.java:383)
	at org.testng.SuiteRunner.run(SuiteRunner.java:326)
	at org.testng.SuiteRunnerWorker.runSuite(SuiteRunnerWorker.java:52)
	at org.testng.SuiteRunnerWorker.run(SuiteRunnerWorker.java:95)
	at org.testng.TestNG.runSuitesSequentially(TestNG.java:1249)
	at org.testng.TestNG.runSuitesLocally(TestNG.java:1169)
	at org.testng.TestNG.runSuites(TestNG.java:1092)
	at org.testng.TestNG.run(TestNG.java:1060)
	at org.testng.remote.AbstractRemoteTestNG.run(AbstractRemoteTestNG.java:115)
	at org.testng.remote.RemoteTestNG.initAndRun(RemoteTestNG.java:251)
	at org.testng.remote.RemoteTestNG.main(RemoteTestNG.java:77)
</pre></div></td>
<td>1</td>
<td>com.flipkart.testcases.productSearchTest@2892d68</td></tr>
</table><p>
<table width='100%' border='1' class='invocation-passed'>
<tr><td colspan='4' align='center'><b>PASSED TESTS</b></td></tr>
<tr><td><b>Test method</b></td>
<td width="30%"><b>Exception</b></td>
<td width="10%"><b>Time (seconds)</b></td>
<td><b>Instance</b></td>
</tr>
<tr>
<td title='com.flipkart.testcases.becomeSellerTest.verifyNationalShippingFees()'><b>verifyNationalShippingFees</b><br>Test class: com.flipkart.testcases.becomeSellerTest</td>
<td></td>
<td>1</td>
<td>com.flipkart.testcases.becomeSellerTest@26d9b808</td></tr>
<tr>
<td title='com.flipkart.testcases.BooksTest.literaturebooktest()'><b>literaturebooktest</b><br>Test class: com.flipkart.testcases.BooksTest</td>
<td></td>
<td>1</td>
<td>com.flipkart.testcases.BooksTest@298a5e20</td></tr>
<tr>
<td title='com.flipkart.testcases.ElectronicTest.pendriveTest()'><b>pendriveTest</b><br>Test class: com.flipkart.testcases.ElectronicTest</td>
<td></td>
<td>1</td>
<td>com.flipkart.testcases.ElectronicTest@5ab956d7</td></tr>
<tr>
<td title='com.flipkart.testcases.loginPageTest.loginfunction()'><b>loginfunction</b><br>Test class: com.flipkart.testcases.loginPageTest<br>Test method: First Test Case</td>
<td></td>
<td>0</td>
<td>com.flipkart.testcases.loginPageTest@1ffaf86</td></tr>
<tr>
<td title='com.flipkart.testcases.custCareTest.custcare_order()'><b>custcare_order</b><br>Test class: com.flipkart.testcases.custCareTest</td>
<td></td>
<td>0</td>
<td>com.flipkart.testcases.custCareTest@46cdf8bd</td></tr>
<tr>
<td title='com.flipkart.testcases.ApplianceTest.actest()'><b>actest</b><br>Test class: com.flipkart.testcases.ApplianceTest</td>
<td></td>
<td>1</td>
<td>com.flipkart.testcases.ApplianceTest@3646a422</td></tr>
<tr>
<td title='com.flipkart.testcases.becomeSellerTest.verifyLocalShippingFees()'><b>verifyLocalShippingFees</b><br>Test class: com.flipkart.testcases.becomeSellerTest</td>
<td></td>
<td>9</td>
<td>com.flipkart.testcases.becomeSellerTest@26d9b808</td></tr>
<tr>
<td title='com.flipkart.testcases.downloadAppTest.downloadApptest()'><b>downloadApptest</b><br>Test class: com.flipkart.testcases.downloadAppTest</td>
<td></td>
<td>4</td>
<td>com.flipkart.testcases.downloadAppTest@f78a47e</td></tr>
<tr>
<td title='com.flipkart.testcases.custCareTest.custcare_return()'><b>custcare_return</b><br>Test class: com.flipkart.testcases.custCareTest</td>
<td></td>
<td>0</td>
<td>com.flipkart.testcases.custCareTest@46cdf8bd</td></tr>
<tr>
<td title='com.flipkart.testcases.becomeSellerTest.verifyZonalShippingFees()'><b>verifyZonalShippingFees</b><br>Test class: com.flipkart.testcases.becomeSellerTest</td>
<td></td>
<td>0</td>
<td>com.flipkart.testcases.becomeSellerTest@26d9b808</td></tr>
<tr>
<td title='com.flipkart.testcases.giftCardTest.GiftCardTest()'><b>GiftCardTest</b><br>Test class: com.flipkart.testcases.giftCardTest</td>
<td></td>
<td>3</td>
<td>com.flipkart.testcases.giftCardTest@740cae06</td></tr>
<tr>
<td title='com.flipkart.testcases.SportsTest.crickettest()'><b>crickettest</b><br>Test class: com.flipkart.testcases.SportsTest</td>
<td></td>
<td>1</td>
<td>com.flipkart.testcases.SportsTest@2a7f1f10</td></tr>
<tr>
<td title='com.flipkart.testcases.furnitureTest.sofatest()'><b>sofatest</b><br>Test class: com.flipkart.testcases.furnitureTest</td>
<td></td>
<td>1</td>
<td>com.flipkart.testcases.furnitureTest@2ddc9a9f</td></tr>
<tr>
<td title='com.flipkart.testcases.custCareTest.custcare_shopping()'><b>custcare_shopping</b><br>Test class: com.flipkart.testcases.custCareTest</td>
<td></td>
<td>0</td>
<td>com.flipkart.testcases.custCareTest@46cdf8bd</td></tr>
<tr>
<td title='com.flipkart.testcases.KidsToyTest.toytest()'><b>toytest</b><br>Test class: com.flipkart.testcases.KidsToyTest</td>
<td></td>
<td>3</td>
<td>com.flipkart.testcases.KidsToyTest@2e385cce</td></tr>
<tr>
<td title='com.flipkart.testcases.MenClothingTest.sweatshirtTest()'><b>sweatshirtTest</b><br>Test class: com.flipkart.testcases.MenClothingTest</td>
<td></td>
<td>5</td>
<td>com.flipkart.testcases.MenClothingTest@750e2b97</td></tr>
<tr>
<td title='com.flipkart.testcases.custCareTest.customerCareTest()'><b>customerCareTest</b><br>Test class: com.flipkart.testcases.custCareTest</td>
<td></td>
<td>1</td>
<td>com.flipkart.testcases.custCareTest@46cdf8bd</td></tr>
<tr>
<td title='com.flipkart.testcases.WomenClothingTest.heelsTest()'><b>heelsTest</b><br>Test class: com.flipkart.testcases.WomenClothingTest</td>
<td></td>
<td>3</td>
<td>com.flipkart.testcases.WomenClothingTest@3e27aa33</td></tr>
<tr>
<td title='com.flipkart.testcases.CoinBalanceTest.checkSuperCoinBalance()'><b>checkSuperCoinBalance</b><br>Test class: com.flipkart.testcases.CoinBalanceTest</td>
<td></td>
<td>2</td>
<td>com.flipkart.testcases.CoinBalanceTest@f0c8a99</td></tr>
<tr>
<td title='com.flipkart.testcases.ElectronicTest.powerbankTest()'><b>powerbankTest</b><br>Test class: com.flipkart.testcases.ElectronicTest</td>
<td></td>
<td>1</td>
<td>com.flipkart.testcases.ElectronicTest@5ab956d7</td></tr>
</table><p>
</body>
</html>